Building DAG of jobs...
Using shell: /bin/bash
Provided cores: 1
Rules claiming more threads will be scaled down.
Job counts:
	count	jobs
	1	cdhit_filter
	1	get_intersected_prot
	2

[Wed Jul 10 13:00:18 2019]
rule get_intersected_prot:
    input: data/Scler_300_100.txt
    output: data/Scler_300_100_intersected_prot.fasta
    jobid: 1

[Wed Jul 10 13:00:18 2019]
Finished job 1.
1 of 2 steps (50%) done

[Wed Jul 10 13:00:18 2019]
rule cdhit_filter:
    input: data/Scler_300_100_intersected_prot.fasta
    output: data/Scler_300_100_cdhit_filtred.fasta
    jobid: 0

[Wed Jul 10 13:00:19 2019]
Finished job 0.
2 of 2 steps (100%) done
Complete log: /home/rskick/Projects/amyl/frame_shift_func/frameshift/pipeline/.snakemake/log/2019-07-10T130018.187478.snakemake.log
